[{'scenario': 'Basic Addition', 'steps': ["Click on button '1'", "Click on operator '+'", "Click on button '2'", "Click on equals '='"], 'expectedResult': "Display shows '3'"}, {'scenario': 'Basic Subtraction', 'steps': ["Click on button '5'", "Click on operator '-'", "Click on button '3'", "Click on equals '='"], 'expectedResult': "Display shows '2'"}, {'scenario': 'Basic Multiplication', 'steps': ["Click on button '4'", "Click on operator '*'", "Click on button '2'", "Click on equals '='"], 'expectedResult': "Display shows '8'"}, {'scenario': 'Basic Division', 'steps': ["Click on button '8'", "Click on operator '/'", "Click on button '2'", "Click on equals '='"], 'expectedResult': "Display shows '4'"}, {'scenario': 'Division by Zero', 'steps': ["Click on button '5'", "Click on operator '/'", "Click on button '0'", "Click on equals '='"], 'expectedResult': "Display shows 'Error' or 'Infinity'"}, {'scenario': 'Square Root of Positive Number', 'steps': ["Click on button '9'", "Click on operator 'sqrt'"], 'expectedResult': "Display shows '3'"}, {'scenario': 'Square Root of Negative Number', 'steps': ["Click on button '-'", "Click on button '9'", "Click on operator 'sqrt'"], 'expectedResult': "Display shows 'Error' or 'NaN'"}, {'scenario': 'Exponentiation', 'steps': ["Click on button '2'", "Click on operator '^'", "Click on button '3'", "Click on equals '='"], 'expectedResult': "Display shows '8'"}, {'scenario': 'Clear Display', 'steps': ["Click on button '9'", "Click on button '5'", "Click on operator '+'", "Click on button '4'", "Click on button 'clear-btn'"], 'expectedResult': "Display shows ''"}, {'scenario': 'Multiple Operations Without Equals', 'steps': ["Click on button '2'", "Click on operator '+'", "Click on button '3'", "Click on operator '*'", "Click on button '4'", "Click on equals '='"], 'expectedResult': "Display shows '20' or appropriate result based on operation precedence"}, {'scenario': 'Input Leading Zeros', 'steps': ["Click on button '0'", "Click on button '0'", "Click on button '3'", "Click on operator '+'", "Click on button '2'", "Click on equals '='"], 'expectedResult': "Display shows '5'"}]
Template 
from selenium import webdriver
# Imports ...

    
def test_scenario_0():
    """
    {'scenario': 'Basic Addition', 'steps': ["Click on button '1'", "Click on operator '+'", "Click on button '2'", "Click on equals '='"], 'expectedResult': "Display shows '3'"}
    """
    driver = webdriver.Chrome()
    # Test implementation...
    driver.quit()
        
def test_scenario_1():
    """
    {'scenario': 'Basic Subtraction', 'steps': ["Click on button '5'", "Click on operator '-'", "Click on button '3'", "Click on equals '='"], 'expectedResult': "Display shows '2'"}
    """
    driver = webdriver.Chrome()
    # Test implementation...
    driver.quit()
        
def test_scenario_2():
    """
    {'scenario': 'Basic Multiplication', 'steps': ["Click on button '4'", "Click on operator '*'", "Click on button '2'", "Click on equals '='"], 'expectedResult': "Display shows '8'"}
    """
    driver = webdriver.Chrome()
    # Test implementation...
    driver.quit()
        
def test_scenario_3():
    """
    {'scenario': 'Basic Division', 'steps': ["Click on button '8'", "Click on operator '/'", "Click on button '2'", "Click on equals '='"], 'expectedResult': "Display shows '4'"}
    """
    driver = webdriver.Chrome()
    # Test implementation...
    driver.quit()
        
def test_scenario_4():
    """
    {'scenario': 'Division by Zero', 'steps': ["Click on button '5'", "Click on operator '/'", "Click on button '0'", "Click on equals '='"], 'expectedResult': "Display shows 'Error' or 'Infinity'"}
    """
    driver = webdriver.Chrome()
    # Test implementation...
    driver.quit()
        
def test_scenario_5():
    """
    {'scenario': 'Square Root of Positive Number', 'steps': ["Click on button '9'", "Click on operator 'sqrt'"], 'expectedResult': "Display shows '3'"}
    """
    driver = webdriver.Chrome()
    # Test implementation...
    driver.quit()
        
def test_scenario_6():
    """
    {'scenario': 'Square Root of Negative Number', 'steps': ["Click on button '-'", "Click on button '9'", "Click on operator 'sqrt'"], 'expectedResult': "Display shows 'Error' or 'NaN'"}
    """
    driver = webdriver.Chrome()
    # Test implementation...
    driver.quit()
        
def test_scenario_7():
    """
    {'scenario': 'Exponentiation', 'steps': ["Click on button '2'", "Click on operator '^'", "Click on button '3'", "Click on equals '='"], 'expectedResult': "Display shows '8'"}
    """
    driver = webdriver.Chrome()
    # Test implementation...
    driver.quit()
        
def test_scenario_8():
    """
    {'scenario': 'Clear Display', 'steps': ["Click on button '9'", "Click on button '5'", "Click on operator '+'", "Click on button '4'", "Click on button 'clear-btn'"], 'expectedResult': "Display shows ''"}
    """
    driver = webdriver.Chrome()
    # Test implementation...
    driver.quit()
        
def test_scenario_9():
    """
    {'scenario': 'Multiple Operations Without Equals', 'steps': ["Click on button '2'", "Click on operator '+'", "Click on button '3'", "Click on operator '*'", "Click on button '4'", "Click on equals '='"], 'expectedResult': "Display shows '20' or appropriate result based on operation precedence"}
    """
    driver = webdriver.Chrome()
    # Test implementation...
    driver.quit()
        
def test_scenario_10():
    """
    {'scenario': 'Input Leading Zeros', 'steps': ["Click on button '0'", "Click on button '0'", "Click on button '3'", "Click on operator '+'", "Click on button '2'", "Click on equals '='"], 'expectedResult': "Display shows '5'"}
    """
    driver = webdriver.Chrome()
    # Test implementation...
    driver.quit()
        
if __name__ == "__main__":
    
    try:
        test_scenario_0()
    except AssertionError as e:
        print("Assertion error in test_scenario_0:", e)
        
    try:
        test_scenario_1()
    except AssertionError as e:
        print("Assertion error in test_scenario_1:", e)
        
    try:
        test_scenario_2()
    except AssertionError as e:
        print("Assertion error in test_scenario_2:", e)
        
    try:
        test_scenario_3()
    except AssertionError as e:
        print("Assertion error in test_scenario_3:", e)
        
    try:
        test_scenario_4()
    except AssertionError as e:
        print("Assertion error in test_scenario_4:", e)
        
    try:
        test_scenario_5()
    except AssertionError as e:
        print("Assertion error in test_scenario_5:", e)
        
    try:
        test_scenario_6()
    except AssertionError as e:
        print("Assertion error in test_scenario_6:", e)
        
    try:
        test_scenario_7()
    except AssertionError as e:
        print("Assertion error in test_scenario_7:", e)
        
    try:
        test_scenario_8()
    except AssertionError as e:
        print("Assertion error in test_scenario_8:", e)
        
    try:
        test_scenario_9()
    except AssertionError as e:
        print("Assertion error in test_scenario_9:", e)
        
    try:
        test_scenario_10()
    except AssertionError as e:
        print("Assertion error in test_scenario_10:", e)
        
{
    "missing_requirements": [
        {
            "scenario": "Division by Zero",
            "issue": "The test script only checks for 'Error' but should also consider 'Infinity' as a valid result."
        },
        {
            "scenario": "Square Root of Negative Number",
            "issue": "The test script only checks for 'Error' but should also consider 'NaN' as a valid result."
        },
        {
            "scenario": "Multiple Operations Without Equals",
            "issue": "The test script assumes a specific order of operations (20 as result), but should also validate other valid results based on different operation precedence."
        }
    ]
}
You're missing this requirements in 0 run {'missing_requirements': [{'scenario': 'Division by Zero', 'issue': "The test script only checks for 'Error' but should also consider 'Infinity' as a valid result."}, {'scenario': 'Square Root of Negative Number', 'issue': "The test script only checks for 'Error' but should also consider 'NaN' as a valid result."}, {'scenario': 'Multiple Operations Without Equals', 'issue': 'The test script assumes a specific order of operations (20 as result), but should also validate other valid results based on different operation precedence.'}]}
{
    "missing_requirements": []
}
Your test execution output:   Traceback (most recent call last):
  File "/Users/irinaozolina/PycharmProjects/GUIAI/master/outputs/test_script_req_fix_0.py", line 95, in <module>
    test_scenario_4()
  File "/Users/irinaozolina/PycharmProjects/GUIAI/master/outputs/test_script_req_fix_0.py", line 50, in test_scenario_4
    test_calculator_operation(driver, ['5', '/', '0', '='], ['Error', 'Infinity'])
  File "/Users/irinaozolina/PycharmProjects/GUIAI/master/outputs/test_script_req_fix_0.py", line 14, in test_calculator_operation
    result = driver.find_element(By.ID, 'display').get_attribute('value')
             ^^^^^^^^^^^^^^^^^^^^^^^^^^^^^^^^^^^^^
  File "/Users/irinaozolina/PycharmProjects/GUIAI/venv1/lib/python3.12/site-packages/selenium/webdriver/remote/webdriver.py", line 741, in find_element
    return self.execute(Command.FIND_ELEMENT, {"using": by, "value": value})["value"]
           ^^^^^^^^^^^^^^^^^^^^^^^^^^^^^^^^^^^^^^^^^^^^^^^^^^^^^^^^^^^^^^^^^
  File "/Users/irinaozolina/PycharmProjects/GUIAI/venv1/lib/python3.12/site-packages/selenium/webdriver/remote/webdriver.py", line 347, in execute
    self.error_handler.check_response(response)
  File "/Users/irinaozolina/PycharmProjects/GUIAI/venv1/lib/python3.12/site-packages/selenium/webdriver/remote/errorhandler.py", line 228, in check_response
    raise exception_class(message, screen, stacktrace, alert_text)  # type: ignore[call-arg]  # mypy is not smart enough here
    ^^^^^^^^^^^^^^^^^^^^^^^^^^^^^^^^^^^^^^^^^^^^^^^^^^^^^^^^^^^^^^
selenium.common.exceptions.UnexpectedAlertPresentException: Alert Text: Cannot divide by zero!
Message: unexpected alert open: {Alert text : Cannot divide by zero!}
  (Session info: chrome=125.0.6422.60)
Stacktrace:
0   chromedriver                        0x00000001005da4a0 chromedriver + 4301984
1   chromedriver                        0x00000001005d2de8 chromedriver + 4271592
2   chromedriver                        0x000000010020419c chromedriver + 278940
3   chromedriver                        0x000000010027f168 chromedriver + 782696
4   chromedriver                        0x000000010023b004 chromedriver + 503812
5   chromedriver                        0x000000010023b9ec chromedriver + 506348
6   chromedriver                        0x00000001005a24e8 chromedriver + 4072680
7   chromedriver                        0x00000001005a6f94 chromedriver + 4091796
8   chromedriver                        0x000000010058972c chromedriver + 3970860
9   chromedriver                        0x00000001005a787c chromedriver + 4094076
10  chromedriver                        0x000000010057c6ac chromedriver + 3917484
11  chromedriver                        0x00000001005c4ae0 chromedriver + 4213472
12  chromedriver                        0x00000001005c4c5c chromedriver + 4213852
13  chromedriver                        0x00000001005d29e0 chromedriver + 4270560
14  libsystem_pthread.dylib             0x0000000196952f94 _pthread_start + 136
15  libsystem_pthread.dylib             0x000000019694dd34 thread_start + 8


{
    "implementation_errors": [
        {
            "error": "UnexpectedAlertPresentException",
            "description": "The script fails when trying to divide by zero, which triggers an alert that is not handled by the script.",
            "suggestion": "Add handling for JavaScript alerts that may be triggered during operations. Use WebDriverWait and expected_conditions.alert_is_present() to handle the alert before proceeding.",
            "code_correction": "Add the following code snippet before fetching the result in the 'test_calculator_operation' function:\n\ntry:\n    WebDriverWait(driver, 10).until(EC.alert_is_present())\n    alert = driver.switch_to.alert\n    alert_text = alert.text\n    alert.accept()\n    assert alert_text in expected_results, f\"Expected one of {expected_results}, but got {alert_text}\"\nexcept TimeoutException:\n    result = driver.find_element(By.ID, 'display').get_attribute('value')\n    assert result in expected_results, f\"Expected one of {expected_results}, but got {result}\""
        },
        {
            "error": "Incorrect result handling",
            "description": "The script incorrectly handles the result for the square root and power operations, expecting a string from the 'display' input field, which actually uses 'value' attribute.",
            "suggestion": "Ensure that the 'display' input field's 'value' attribute is correctly fetched. If the 'display' uses 'value', then the script is correct. If it uses text content, use 'driver.find_element(By.ID, 'display').text' instead.",
            "code_correction": "No change needed if 'display' uses 'value'. If it uses text content, replace:\nresult = driver.find_element(By.ID, 'display').get_attribute('value')\nwith:\nresult = driver.find_element(By.ID, 'display').text"
        },
        {
            "error": "Incorrect button handling for 'clear-btn'",
            "description": "The script has a condition to handle 'clear-btn' which is never used because 'clear-btn' is not part of the button_sequence in any test scenario.",
            "suggestion": "Either remove the unused condition for 'clear-btn' or correct the test scenario where it should be used.",
            "code_correction": "If 'clear-btn' is intended to be used, ensure it is included in the button_sequence for the appropriate test scenario. Otherwise, remove the condition:\nelif button == 'clear-btn':\n    driver.find_element(By.CLASS_NAME, 'clear-btn').click()"
        },
        {
            "error": "Incorrect expected results for combined operations",
            "description": "The script does not handle operator precedence correctly in test_scenario_9, which leads to incorrect expected results.",
            "suggestion": "Review the logic of the calculator or the test to ensure that operator precedence is handled correctly, or adjust the expected results based on the actual behavior of the calculator.",
            "code_correction": "Adjust the expected results in test_scenario_9 to match the actual output of the calculator, considering operator precedence."
        }
    ]
}
Your test execution output in 0 run  Traceback (most recent call last):
  File "/Users/irinaozolina/PycharmProjects/GUIAI/master/outputs/test_script_fixed_0.py", line 103, in <module>
    test_scenario_4()
  File "/Users/irinaozolina/PycharmProjects/GUIAI/master/outputs/test_script_fixed_0.py", line 58, in test_scenario_4
    test_calculator_operation(driver, ['5', '/', '0', '='], ['Error', 'Infinity'])
  File "/Users/irinaozolina/PycharmProjects/GUIAI/master/outputs/test_script_fixed_0.py", line 20, in test_calculator_operation
    assert alert_text in expected_results, f"Expected one of {expected_results}, but got {alert_text}"
           ^^^^^^^^^^^^^^^^^^^^^^^^^^^^^^
AssertionError: Expected one of ['Error', 'Infinity'], but got Cannot divide by zero!

Your test execution output in 1 run  Traceback (most recent call last):
  File "/Users/irinaozolina/PycharmProjects/GUIAI/master/outputs/test_script_fixed_1.py", line 14, in test_calculator_operation
    WebDriverWait(driver, 10).until(EC.alert_is_present())
  File "/Users/irinaozolina/PycharmProjects/GUIAI/venv1/lib/python3.12/site-packages/selenium/webdriver/support/wait.py", line 105, in until
    raise TimeoutException(message, screen, stacktrace)
selenium.common.exceptions.TimeoutException: Message: 


During handling of the above exception, another exception occurred:

Traceback (most recent call last):
  File "/Users/irinaozolina/PycharmProjects/GUIAI/master/outputs/test_script_fixed_1.py", line 102, in <module>
    test_scenario_5()
  File "/Users/irinaozolina/PycharmProjects/GUIAI/master/outputs/test_script_fixed_1.py", line 62, in test_scenario_5
    test_calculator_operation(driver, ['9', 'sqrt'], ['3'])
  File "/Users/irinaozolina/PycharmProjects/GUIAI/master/outputs/test_script_fixed_1.py", line 21, in test_calculator_operation
    assert result in expected_results, f"Expected one of {expected_results}, but got {result}"
           ^^^^^^^^^^^^^^^^^^^^^^^^^^
AssertionError: Expected one of ['3'], but got 

Your test execution output in 2 run  Traceback (most recent call last):
  File "/Users/irinaozolina/PycharmProjects/GUIAI/master/outputs/test_script_fixed_2.py", line 101, in <module>
    test_scenario_4()
  File "/Users/irinaozolina/PycharmProjects/GUIAI/master/outputs/test_script_fixed_2.py", line 56, in test_scenario_4
    test_calculator_operation(driver, ['5', '/', '0', '='], ['Error', 'Infinity'])
  File "/Users/irinaozolina/PycharmProjects/GUIAI/master/outputs/test_script_fixed_2.py", line 18, in test_calculator_operation
    assert alert_text in expected_results, f"Expected one of {expected_results}, but got {alert_text}"
           ^^^^^^^^^^^^^^^^^^^^^^^^^^^^^^
AssertionError: Expected one of ['Error', 'Infinity'], but got Cannot divide by zero!

Your test execution output in 3 run  Traceback (most recent call last):
  File "/Users/irinaozolina/PycharmProjects/GUIAI/master/outputs/test_script_fixed_3.py", line 14, in test_calculator_operation
    WebDriverWait(driver, 10).until(EC.alert_is_present())
  File "/Users/irinaozolina/PycharmProjects/GUIAI/venv1/lib/python3.12/site-packages/selenium/webdriver/support/wait.py", line 105, in until
    raise TimeoutException(message, screen, stacktrace)
selenium.common.exceptions.TimeoutException: Message: 


During handling of the above exception, another exception occurred:

Traceback (most recent call last):
  File "/Users/irinaozolina/PycharmProjects/GUIAI/master/outputs/test_script_fixed_3.py", line 102, in <module>
    test_scenario_5()
  File "/Users/irinaozolina/PycharmProjects/GUIAI/master/outputs/test_script_fixed_3.py", line 62, in test_scenario_5
    test_calculator_operation(driver, ['9', 'sqrt'], ['3'])
  File "/Users/irinaozolina/PycharmProjects/GUIAI/master/outputs/test_script_fixed_3.py", line 21, in test_calculator_operation
    assert result in expected_results, f"Expected one of {expected_results}, but got {result}"
           ^^^^^^^^^^^^^^^^^^^^^^^^^^
AssertionError: Expected one of ['3'], but got 

Your test execution output in 4 run  Traceback (most recent call last):
  File "/Users/irinaozolina/PycharmProjects/GUIAI/master/outputs/test_script_fixed_4.py", line 101, in <module>
    test_scenario_4()
  File "/Users/irinaozolina/PycharmProjects/GUIAI/master/outputs/test_script_fixed_4.py", line 56, in test_scenario_4
    test_calculator_operation(driver, ['5', '/', '0', '='], ['Error', 'Infinity'])
  File "/Users/irinaozolina/PycharmProjects/GUIAI/master/outputs/test_script_fixed_4.py", line 18, in test_calculator_operation
    assert alert_text in expected_results, f"Expected one of {expected_results}, but got {alert_text}"
           ^^^^^^^^^^^^^^^^^^^^^^^^^^^^^^
AssertionError: Expected one of ['Error', 'Infinity'], but got Cannot divide by zero!

Execution time: 551.7009253501892 seconds

GPT3.5 Prompt tokens: 31337, $0.0156685
GPT3.5 Response tokens: 7486, $0.011229000000000001

GPT4 Prompt time: 31337, $0.31337000000000004
GPT4 Response tokens: 7486, $0.22458

